# JRE version: OpenJDK Runtime Environment (8.0_332-b08) (build 1.8.0_332-b08)
# Java VM: OpenJDK 64-Bit Server VM (25.332-b08 mixed mode windows-amd64 compressed oops)
Heap:
 PSYoungGen      total 134656K, used 2278K [0x000000076bd80000, 0x0000000778f00000, 0x00000007c0000000)
  eden space 127488K, 1% used [0x000000076bd80000,0x000000076bfb9ae0,0x0000000773a00000)
  from space 7168K, 0% used [0x0000000774700000,0x0000000774700000,0x0000000774e00000)
  to   space 13312K, 0% used [0x0000000773a00000,0x0000000773a00000,0x0000000774700000)
 ParOldGen       total 86016K, used 13888K [0x00000006c3800000, 0x00000006c8c00000, 0x000000076bd80000)
  object space 86016K, 16% used [0x00000006c3800000,0x00000006c4590068,0x00000006c8c00000)
 Metaspace       used 33346K, capacity 35416K, committed 35672K, reserved 1081344K
  class space    used 4277K, capacity 4650K, committed 4696K, reserved 1048576K
GC Heap History (10 events):
Event: 1.843 GC heap before
{Heap before GC invocations=4 (full 1):
 PSYoungGen      total 75776K, used 5456K [0x000000076bd80000, 0x0000000775180000, 0x00000007c0000000)
  eden space 65024K, 0% used [0x000000076bd80000,0x000000076bd80000,0x000000076fd00000)
  from space 10752K, 50% used [0x000000076fd00000,0x0000000770254278,0x0000000770780000)
  to   space 10752K, 0% used [0x0000000774700000,0x0000000774700000,0x0000000775180000)
 ParOldGen       total 173568K, used 391K [0x00000006c3800000, 0x00000006ce180000, 0x000000076bd80000)
  object space 173568K, 0% used [0x00000006c3800000,0x00000006c3861f68,0x00000006ce180000)
 Metaspace       used 20197K, capacity 21108K, committed 21248K, reserved 1067008K
  class space    used 2525K, capacity 2712K, committed 2816K, reserved 1048576K
Event: 1.873 GC heap after
Heap after GC invocations=4 (full 1):
 PSYoungGen      total 75776K, used 0K [0x000000076bd80000, 0x0000000775180000, 0x00000007c0000000)
  eden space 65024K, 0% used [0x000000076bd80000,0x000000076bd80000,0x000000076fd00000)
  from space 10752K, 0% used [0x000000076fd00000,0x000000076fd00000,0x0000000770780000)
  to   space 10752K, 0% used [0x0000000774700000,0x0000000774700000,0x0000000775180000)
 ParOldGen       total 86016K, used 5300K [0x00000006c3800000, 0x00000006c8c00000, 0x000000076bd80000)
  object space 86016K, 6% used [0x00000006c3800000,0x00000006c3d2d3d0,0x00000006c8c00000)
 Metaspace       used 20197K, capacity 21108K, committed 21248K, reserved 1067008K
  class space    used 2525K, capacity 2712K, committed 2816K, reserved 1048576K
}
Event: 2.548 GC heap before
{Heap before GC invocations=5 (full 1):
 PSYoungGen      total 75776K, used 65024K [0x000000076bd80000, 0x0000000775180000, 0x00000007c0000000)
  eden space 65024K, 100% used [0x000000076bd80000,0x000000076fd00000,0x000000076fd00000)
  from space 10752K, 0% used [0x000000076fd00000,0x000000076fd00000,0x0000000770780000)
  to   space 10752K, 0% used [0x0000000774700000,0x0000000774700000,0x0000000775180000)
 ParOldGen       total 86016K, used 5300K [0x00000006c3800000, 0x00000006c8c00000, 0x000000076bd80000)
  object space 86016K, 6% used [0x00000006c3800000,0x00000006c3d2d3d0,0x00000006c8c00000)
 Metaspace       used 23817K, capacity 25078K, committed 25344K, reserved 1071104K
  class space    used 3027K, capacity 3289K, committed 3328K, reserved 1048576K
Event: 2.553 GC heap after
Heap after GC invocations=5 (full 1):
 PSYoungGen      total 119808K, used 6769K [0x000000076bd80000, 0x0000000774e00000, 0x00000007c0000000)
  eden space 112640K, 0% used [0x000000076bd80000,0x000000076bd80000,0x0000000772b80000)
  from space 7168K, 94% used [0x0000000774700000,0x0000000774d9c7e8,0x0000000774e00000)
  to   space 10752K, 0% used [0x0000000773900000,0x0000000773900000,0x0000000774380000)
 ParOldGen       total 86016K, used 5308K [0x00000006c3800000, 0x00000006c8c00000, 0x000000076bd80000)
  object space 86016K, 6% used [0x00000006c3800000,0x00000006c3d2f3d0,0x00000006c8c00000)
 Metaspace       used 23817K, capacity 25078K, committed 25344K, reserved 1071104K
  class space    used 3027K, capacity 3289K, committed 3328K, reserved 1048576K
}
Event: 3.655 GC heap before
{Heap before GC invocations=6 (full 1):
 PSYoungGen      total 119808K, used 119409K [0x000000076bd80000, 0x0000000774e00000, 0x00000007c0000000)
  eden space 112640K, 100% used [0x000000076bd80000,0x0000000772b80000,0x0000000772b80000)
  from space 7168K, 94% used [0x0000000774700000,0x0000000774d9c7e8,0x0000000774e00000)
  to   space 10752K, 0% used [0x0000000773900000,0x0000000773900000,0x0000000774380000)
 ParOldGen       total 86016K, used 5308K [0x00000006c3800000, 0x00000006c8c00000, 0x000000076bd80000)
  object space 86016K, 6% used [0x00000006c3800000,0x00000006c3d2f3d0,0x00000006c8c00000)
 Metaspace       used 32440K, capacity 34084K, committed 34176K, reserved 1079296K
  class space    used 4119K, capacity 4426K, committed 4480K, reserved 1048576K
Event: 3.663 GC heap after
Heap after GC invocations=6 (full 1):
 PSYoungGen      total 123392K, used 10739K [0x000000076bd80000, 0x0000000774e00000, 0x00000007c0000000)
  eden space 112640K, 0% used [0x000000076bd80000,0x000000076bd80000,0x0000000772b80000)
  from space 10752K, 99% used [0x0000000773900000,0x000000077437cc28,0x0000000774380000)
  to   space 7168K, 0% used [0x0000000774700000,0x0000000774700000,0x0000000774e00000)
 ParOldGen       total 86016K, used 6063K [0x00000006c3800000, 0x00000006c8c00000, 0x000000076bd80000)
  object space 86016K, 7% used [0x00000006c3800000,0x00000006c3debe80,0x00000006c8c00000)
 Metaspace       used 32440K, capacity 34084K, committed 34176K, reserved 1079296K
  class space    used 4119K, capacity 4426K, committed 4480K, reserved 1048576K
}
Event: 3.953 GC heap before
{Heap before GC invocations=7 (full 1):
 PSYoungGen      total 123392K, used 45515K [0x000000076bd80000, 0x0000000774e00000, 0x00000007c0000000)
  eden space 112640K, 30% used [0x000000076bd80000,0x000000076df760c8,0x0000000772b80000)
  from space 10752K, 99% used [0x0000000773900000,0x000000077437cc28,0x0000000774380000)
  to   space 7168K, 0% used [0x0000000774700000,0x0000000774700000,0x0000000774e00000)
 ParOldGen       total 86016K, used 6063K [0x00000006c3800000, 0x00000006c8c00000, 0x000000076bd80000)
  object space 86016K, 7% used [0x00000006c3800000,0x00000006c3debe80,0x00000006c8c00000)
 Metaspace       used 33334K, capacity 35320K, committed 35416K, reserved 1079296K
  class space    used 4272K, capacity 4618K, committed 4696K, reserved 1048576K
Event: 3.960 GC heap after
Heap after GC invocations=7 (full 1):
 PSYoungGen      total 134656K, used 7136K [0x000000076bd80000, 0x0000000778f00000, 0x00000007c0000000)
  eden space 127488K, 0% used [0x000000076bd80000,0x000000076bd80000,0x0000000773a00000)
  from space 7168K, 99% used [0x0000000774700000,0x0000000774df8020,0x0000000774e00000)
  to   space 13312K, 0% used [0x0000000773a00000,0x0000000773a00000,0x0000000774700000)
 ParOldGen       total 86016K, used 8440K [0x00000006c3800000, 0x00000006c8c00000, 0x000000076bd80000)
  object space 86016K, 9% used [0x00000006c3800000,0x00000006c403e038,0x00000006c8c00000)
 Metaspace       used 33334K, capacity 35320K, committed 35416K, reserved 1079296K
  class space    used 4272K, capacity 4618K, committed 4696K, reserved 1048576K
}
Event: 3.960 GC heap before
{Heap before GC invocations=8 (full 2):
 PSYoungGen      total 134656K, used 7136K [0x000000076bd80000, 0x0000000778f00000, 0x00000007c0000000)
  eden space 127488K, 0% used [0x000000076bd80000,0x000000076bd80000,0x0000000773a00000)
  from space 7168K, 99% used [0x0000000774700000,0x0000000774df8020,0x0000000774e00000)
  to   space 13312K, 0% used [0x0000000773a00000,0x0000000773a00000,0x0000000774700000)
 ParOldGen       total 86016K, used 8440K [0x00000006c3800000, 0x00000006c8c00000, 0x000000076bd80000)
  object space 86016K, 9% used [0x00000006c3800000,0x00000006c403e038,0x00000006c8c00000)
 Metaspace       used 33334K, capacity 35320K, committed 35416K, reserved 1079296K
  class space    used 4272K, capacity 4618K, committed 4696K, reserved 1048576K
Event: 4.014 GC heap after
Heap after GC invocations=8 (full 2):
 PSYoungGen      total 134656K, used 0K [0x000000076bd80000, 0x0000000778f00000, 0x00000007c0000000)
  eden space 127488K, 0% used [0x000000076bd80000,0x000000076bd80000,0x0000000773a00000)
  from space 7168K, 0% used [0x0000000774700000,0x0000000774700000,0x0000000774e00000)
  to   space 13312K, 0% used [0x0000000773a00000,0x0000000773a00000,0x0000000774700000)
 ParOldGen       total 86016K, used 13888K [0x00000006c3800000, 0x00000006c8c00000, 0x000000076bd80000)
  object space 86016K, 16% used [0x00000006c3800000,0x00000006c4590068,0x00000006c8c00000)
 Metaspace       used 33334K, capacity 35320K, committed 35416K, reserved 1079296K
  class space    used 4272K, capacity 4618K, committed 4696K, reserved 1048576K
}

